0 info it worked if it ends with ok
1 verbose cli [ '/usr/local/bin/node', '/usr/local/bin/npm', 'install' ]
2 info using npm@3.3.9
3 info using node@v4.2.1
4 silly loadCurrentTree Starting
5 silly install loadCurrentTree
6 silly install readLocalPackageData
7 silly install normalizeTree
8 silly loadCurrentTree Finishing
9 silly loadIdealTree Starting
10 silly install loadIdealTree
11 silly cloneCurrentTree Starting
12 silly install cloneCurrentTreeToIdealTree
13 silly cloneCurrentTree Finishing
14 silly loadShrinkwrap Starting
15 silly install loadShrinkwrap
16 silly loadShrinkwrap Finishing
17 silly loadAllDepsIntoIdealTree Starting
18 silly install loadAllDepsIntoIdealTree
19 silly fetchNamedPackageData grunt
20 silly mapToRegistry name grunt
21 silly mapToRegistry using default registry
22 silly mapToRegistry registry https://registry.npmjs.org/
23 silly mapToRegistry uri https://registry.npmjs.org/grunt
24 silly fetchNamedPackageData grunt-angular-templates
25 silly mapToRegistry name grunt-angular-templates
26 silly mapToRegistry using default registry
27 silly mapToRegistry registry https://registry.npmjs.org/
28 silly mapToRegistry uri https://registry.npmjs.org/grunt-angular-templates
29 silly fetchNamedPackageData grunt-autoprefixer
30 silly mapToRegistry name grunt-autoprefixer
31 silly mapToRegistry using default registry
32 silly mapToRegistry registry https://registry.npmjs.org/
33 silly mapToRegistry uri https://registry.npmjs.org/grunt-autoprefixer
34 silly fetchNamedPackageData grunt-concurrent
35 silly mapToRegistry name grunt-concurrent
36 silly mapToRegistry using default registry
37 silly mapToRegistry registry https://registry.npmjs.org/
38 silly mapToRegistry uri https://registry.npmjs.org/grunt-concurrent
39 silly fetchNamedPackageData grunt-contrib-clean
40 silly mapToRegistry name grunt-contrib-clean
41 silly mapToRegistry using default registry
42 silly mapToRegistry registry https://registry.npmjs.org/
43 silly mapToRegistry uri https://registry.npmjs.org/grunt-contrib-clean
44 silly fetchNamedPackageData grunt-contrib-concat
45 silly mapToRegistry name grunt-contrib-concat
46 silly mapToRegistry using default registry
47 silly mapToRegistry registry https://registry.npmjs.org/
48 silly mapToRegistry uri https://registry.npmjs.org/grunt-contrib-concat
49 silly fetchNamedPackageData grunt-contrib-connect
50 silly mapToRegistry name grunt-contrib-connect
51 silly mapToRegistry using default registry
52 silly mapToRegistry registry https://registry.npmjs.org/
53 silly mapToRegistry uri https://registry.npmjs.org/grunt-contrib-connect
54 silly fetchNamedPackageData grunt-contrib-copy
55 silly mapToRegistry name grunt-contrib-copy
56 silly mapToRegistry using default registry
57 silly mapToRegistry registry https://registry.npmjs.org/
58 silly mapToRegistry uri https://registry.npmjs.org/grunt-contrib-copy
59 silly fetchNamedPackageData grunt-contrib-cssmin
60 silly mapToRegistry name grunt-contrib-cssmin
61 silly mapToRegistry using default registry
62 silly mapToRegistry registry https://registry.npmjs.org/
63 silly mapToRegistry uri https://registry.npmjs.org/grunt-contrib-cssmin
64 silly fetchNamedPackageData grunt-contrib-htmlmin
65 silly mapToRegistry name grunt-contrib-htmlmin
66 silly mapToRegistry using default registry
67 silly mapToRegistry registry https://registry.npmjs.org/
68 silly mapToRegistry uri https://registry.npmjs.org/grunt-contrib-htmlmin
69 silly fetchNamedPackageData grunt-contrib-imagemin
70 silly mapToRegistry name grunt-contrib-imagemin
71 silly mapToRegistry using default registry
72 silly mapToRegistry registry https://registry.npmjs.org/
73 silly mapToRegistry uri https://registry.npmjs.org/grunt-contrib-imagemin
74 silly fetchNamedPackageData grunt-contrib-jshint
75 silly mapToRegistry name grunt-contrib-jshint
76 silly mapToRegistry using default registry
77 silly mapToRegistry registry https://registry.npmjs.org/
78 silly mapToRegistry uri https://registry.npmjs.org/grunt-contrib-jshint
79 silly fetchNamedPackageData grunt-contrib-uglify
80 silly mapToRegistry name grunt-contrib-uglify
81 silly mapToRegistry using default registry
82 silly mapToRegistry registry https://registry.npmjs.org/
83 silly mapToRegistry uri https://registry.npmjs.org/grunt-contrib-uglify
84 silly fetchNamedPackageData grunt-contrib-watch
85 silly mapToRegistry name grunt-contrib-watch
86 silly mapToRegistry using default registry
87 silly mapToRegistry registry https://registry.npmjs.org/
88 silly mapToRegistry uri https://registry.npmjs.org/grunt-contrib-watch
89 silly fetchNamedPackageData grunt-filerev
90 silly mapToRegistry name grunt-filerev
91 silly mapToRegistry using default registry
92 silly mapToRegistry registry https://registry.npmjs.org/
93 silly mapToRegistry uri https://registry.npmjs.org/grunt-filerev
94 silly fetchNamedPackageData grunt-google-cdn
95 silly mapToRegistry name grunt-google-cdn
96 silly mapToRegistry using default registry
97 silly mapToRegistry registry https://registry.npmjs.org/
98 silly mapToRegistry uri https://registry.npmjs.org/grunt-google-cdn
99 silly fetchNamedPackageData grunt-karma
100 silly mapToRegistry name grunt-karma
101 silly mapToRegistry using default registry
102 silly mapToRegistry registry https://registry.npmjs.org/
103 silly mapToRegistry uri https://registry.npmjs.org/grunt-karma
104 silly fetchNamedPackageData grunt-newer
105 silly mapToRegistry name grunt-newer
106 silly mapToRegistry using default registry
107 silly mapToRegistry registry https://registry.npmjs.org/
108 silly mapToRegistry uri https://registry.npmjs.org/grunt-newer
109 silly fetchNamedPackageData grunt-ng-annotate
110 silly mapToRegistry name grunt-ng-annotate
111 silly mapToRegistry using default registry
112 silly mapToRegistry registry https://registry.npmjs.org/
113 silly mapToRegistry uri https://registry.npmjs.org/grunt-ng-annotate
114 silly fetchNamedPackageData grunt-svgmin
115 silly mapToRegistry name grunt-svgmin
116 silly mapToRegistry using default registry
117 silly mapToRegistry registry https://registry.npmjs.org/
118 silly mapToRegistry uri https://registry.npmjs.org/grunt-svgmin
119 silly fetchNamedPackageData grunt-usemin
120 silly mapToRegistry name grunt-usemin
121 silly mapToRegistry using default registry
122 silly mapToRegistry registry https://registry.npmjs.org/
123 silly mapToRegistry uri https://registry.npmjs.org/grunt-usemin
124 silly fetchNamedPackageData grunt-wiredep
125 silly mapToRegistry name grunt-wiredep
126 silly mapToRegistry using default registry
127 silly mapToRegistry registry https://registry.npmjs.org/
128 silly mapToRegistry uri https://registry.npmjs.org/grunt-wiredep
129 silly fetchNamedPackageData jit-grunt
130 silly mapToRegistry name jit-grunt
131 silly mapToRegistry using default registry
132 silly mapToRegistry registry https://registry.npmjs.org/
133 silly mapToRegistry uri https://registry.npmjs.org/jit-grunt
134 silly fetchNamedPackageData jshint-stylish
135 silly mapToRegistry name jshint-stylish
136 silly mapToRegistry using default registry
137 silly mapToRegistry registry https://registry.npmjs.org/
138 silly mapToRegistry uri https://registry.npmjs.org/jshint-stylish
139 silly fetchNamedPackageData karma-jasmine
140 silly mapToRegistry name karma-jasmine
141 silly mapToRegistry using default registry
142 silly mapToRegistry registry https://registry.npmjs.org/
143 silly mapToRegistry uri https://registry.npmjs.org/karma-jasmine
144 silly fetchNamedPackageData karma-phantomjs-launcher
145 silly mapToRegistry name karma-phantomjs-launcher
146 silly mapToRegistry using default registry
147 silly mapToRegistry registry https://registry.npmjs.org/
148 silly mapToRegistry uri https://registry.npmjs.org/karma-phantomjs-launcher
149 silly fetchNamedPackageData time-grunt
150 silly mapToRegistry name time-grunt
151 silly mapToRegistry using default registry
152 silly mapToRegistry registry https://registry.npmjs.org/
153 silly mapToRegistry uri https://registry.npmjs.org/time-grunt
154 verbose request uri https://registry.npmjs.org/grunt-angular-templates
155 verbose request no auth needed
156 info attempt registry request try #1 at 8:14:46 PM
157 verbose request using bearer token for auth
158 verbose request id dc404fe2b5e16fd4
159 http request GET https://registry.npmjs.org/grunt-angular-templates
160 verbose request uri https://registry.npmjs.org/grunt-autoprefixer
161 verbose request no auth needed
162 info attempt registry request try #1 at 8:14:46 PM
163 verbose request using bearer token for auth
164 http request GET https://registry.npmjs.org/grunt-autoprefixer
165 verbose request uri https://registry.npmjs.org/grunt-concurrent
166 verbose request no auth needed
167 info attempt registry request try #1 at 8:14:46 PM
168 verbose request using bearer token for auth
169 http request GET https://registry.npmjs.org/grunt-concurrent
170 verbose request uri https://registry.npmjs.org/grunt-contrib-clean
171 verbose request no auth needed
172 info attempt registry request try #1 at 8:14:46 PM
173 verbose request using bearer token for auth
174 http request GET https://registry.npmjs.org/grunt-contrib-clean
175 verbose request uri https://registry.npmjs.org/grunt-contrib-concat
176 verbose request no auth needed
177 info attempt registry request try #1 at 8:14:46 PM
178 verbose request using bearer token for auth
179 http request GET https://registry.npmjs.org/grunt-contrib-concat
180 verbose request uri https://registry.npmjs.org/grunt-contrib-connect
181 verbose request no auth needed
182 info attempt registry request try #1 at 8:14:46 PM
183 verbose request using bearer token for auth
184 http request GET https://registry.npmjs.org/grunt-contrib-connect
185 verbose request uri https://registry.npmjs.org/grunt-contrib-copy
186 verbose request no auth needed
187 info attempt registry request try #1 at 8:14:46 PM
188 verbose request using bearer token for auth
189 http request GET https://registry.npmjs.org/grunt-contrib-copy
190 verbose request uri https://registry.npmjs.org/grunt-contrib-cssmin
191 verbose request no auth needed
192 info attempt registry request try #1 at 8:14:46 PM
193 verbose request using bearer token for auth
194 http request GET https://registry.npmjs.org/grunt-contrib-cssmin
195 verbose request uri https://registry.npmjs.org/grunt-contrib-htmlmin
196 verbose request no auth needed
197 info attempt registry request try #1 at 8:14:46 PM
198 verbose request using bearer token for auth
199 http request GET https://registry.npmjs.org/grunt-contrib-htmlmin
200 verbose request uri https://registry.npmjs.org/grunt-contrib-imagemin
201 verbose request no auth needed
202 info attempt registry request try #1 at 8:14:46 PM
203 verbose request using bearer token for auth
204 http request GET https://registry.npmjs.org/grunt-contrib-imagemin
205 verbose request uri https://registry.npmjs.org/grunt-contrib-uglify
206 verbose request no auth needed
207 info attempt registry request try #1 at 8:14:46 PM
208 verbose request using bearer token for auth
209 http request GET https://registry.npmjs.org/grunt-contrib-uglify
210 verbose request uri https://registry.npmjs.org/grunt-filerev
211 verbose request no auth needed
212 info attempt registry request try #1 at 8:14:46 PM
213 verbose request using bearer token for auth
214 http request GET https://registry.npmjs.org/grunt-filerev
215 verbose request uri https://registry.npmjs.org/grunt-google-cdn
216 verbose request no auth needed
217 info attempt registry request try #1 at 8:14:46 PM
218 verbose request using bearer token for auth
219 http request GET https://registry.npmjs.org/grunt-google-cdn
220 verbose request uri https://registry.npmjs.org/grunt-karma
221 verbose request no auth needed
222 info attempt registry request try #1 at 8:14:46 PM
223 verbose request using bearer token for auth
224 http request GET https://registry.npmjs.org/grunt-karma
225 verbose request uri https://registry.npmjs.org/grunt-newer
226 verbose request no auth needed
227 info attempt registry request try #1 at 8:14:46 PM
228 verbose request using bearer token for auth
229 http request GET https://registry.npmjs.org/grunt-newer
230 verbose request uri https://registry.npmjs.org/grunt-ng-annotate
231 verbose request no auth needed
232 info attempt registry request try #1 at 8:14:46 PM
233 verbose request using bearer token for auth
234 http request GET https://registry.npmjs.org/grunt-ng-annotate
235 verbose request uri https://registry.npmjs.org/grunt-svgmin
236 verbose request no auth needed
237 info attempt registry request try #1 at 8:14:46 PM
238 verbose request using bearer token for auth
239 http request GET https://registry.npmjs.org/grunt-svgmin
240 verbose request uri https://registry.npmjs.org/grunt-usemin
241 verbose request no auth needed
242 info attempt registry request try #1 at 8:14:46 PM
243 verbose request using bearer token for auth
244 http request GET https://registry.npmjs.org/grunt-usemin
245 verbose request uri https://registry.npmjs.org/grunt-wiredep
246 verbose request no auth needed
247 info attempt registry request try #1 at 8:14:46 PM
248 verbose request using bearer token for auth
249 http request GET https://registry.npmjs.org/grunt-wiredep
250 verbose request uri https://registry.npmjs.org/jit-grunt
251 verbose request no auth needed
252 info attempt registry request try #1 at 8:14:46 PM
253 verbose request using bearer token for auth
254 http request GET https://registry.npmjs.org/jit-grunt
255 verbose request uri https://registry.npmjs.org/jshint-stylish
256 verbose request no auth needed
257 info attempt registry request try #1 at 8:14:46 PM
258 verbose request using bearer token for auth
259 http request GET https://registry.npmjs.org/jshint-stylish
260 verbose request uri https://registry.npmjs.org/karma-jasmine
261 verbose request no auth needed
262 info attempt registry request try #1 at 8:14:46 PM
263 verbose request using bearer token for auth
264 http request GET https://registry.npmjs.org/karma-jasmine
265 verbose request uri https://registry.npmjs.org/karma-phantomjs-launcher
266 verbose request no auth needed
267 info attempt registry request try #1 at 8:14:46 PM
268 verbose request using bearer token for auth
269 http request GET https://registry.npmjs.org/karma-phantomjs-launcher
270 verbose request uri https://registry.npmjs.org/time-grunt
271 verbose request no auth needed
272 info attempt registry request try #1 at 8:14:46 PM
273 verbose request using bearer token for auth
274 http request GET https://registry.npmjs.org/time-grunt
275 info retry will retry, error on last attempt: Error: getaddrinfo ENOTFOUND registry.npmjs.org registry.npmjs.org:443
276 info retry will retry, error on last attempt: Error: getaddrinfo ENOTFOUND registry.npmjs.org registry.npmjs.org:443
277 info retry will retry, error on last attempt: Error: getaddrinfo ENOTFOUND registry.npmjs.org registry.npmjs.org:443
278 info retry will retry, error on last attempt: Error: getaddrinfo ENOTFOUND registry.npmjs.org registry.npmjs.org:443
279 info retry will retry, error on last attempt: Error: getaddrinfo ENOTFOUND registry.npmjs.org registry.npmjs.org:443
280 info retry will retry, error on last attempt: Error: getaddrinfo ENOTFOUND registry.npmjs.org registry.npmjs.org:443
281 info retry will retry, error on last attempt: Error: getaddrinfo ENOTFOUND registry.npmjs.org registry.npmjs.org:443
282 info retry will retry, error on last attempt: Error: getaddrinfo ENOTFOUND registry.npmjs.org registry.npmjs.org:443
283 info retry will retry, error on last attempt: Error: getaddrinfo ENOTFOUND registry.npmjs.org registry.npmjs.org:443
284 info retry will retry, error on last attempt: Error: getaddrinfo ENOTFOUND registry.npmjs.org registry.npmjs.org:443
285 info retry will retry, error on last attempt: Error: getaddrinfo ENOTFOUND registry.npmjs.org registry.npmjs.org:443
286 info retry will retry, error on last attempt: Error: getaddrinfo ENOTFOUND registry.npmjs.org registry.npmjs.org:443
287 info retry will retry, error on last attempt: Error: getaddrinfo ENOTFOUND registry.npmjs.org registry.npmjs.org:443
288 info retry will retry, error on last attempt: Error: getaddrinfo ENOTFOUND registry.npmjs.org registry.npmjs.org:443
289 info retry will retry, error on last attempt: Error: getaddrinfo ENOTFOUND registry.npmjs.org registry.npmjs.org:443
290 info retry will retry, error on last attempt: Error: getaddrinfo ENOTFOUND registry.npmjs.org registry.npmjs.org:443
291 info retry will retry, error on last attempt: Error: getaddrinfo ENOTFOUND registry.npmjs.org registry.npmjs.org:443
292 info retry will retry, error on last attempt: Error: getaddrinfo ENOTFOUND registry.npmjs.org registry.npmjs.org:443
293 info retry will retry, error on last attempt: Error: getaddrinfo ENOTFOUND registry.npmjs.org registry.npmjs.org:443
294 info retry will retry, error on last attempt: Error: getaddrinfo ENOTFOUND registry.npmjs.org registry.npmjs.org:443
295 info retry will retry, error on last attempt: Error: getaddrinfo ENOTFOUND registry.npmjs.org registry.npmjs.org:443
296 info retry will retry, error on last attempt: Error: getaddrinfo ENOTFOUND registry.npmjs.org registry.npmjs.org:443
297 info retry will retry, error on last attempt: Error: getaddrinfo ENOTFOUND registry.npmjs.org registry.npmjs.org:443
298 info retry will retry, error on last attempt: Error: getaddrinfo ENOTFOUND registry.npmjs.org registry.npmjs.org:443
299 verbose request uri https://registry.npmjs.org/grunt-contrib-jshint
300 verbose request no auth needed
301 info attempt registry request try #1 at 8:14:46 PM
302 verbose request using bearer token for auth
303 verbose etag "D9EB0ZXLH8LZ3WWAY7DK1KJAX"
304 http request GET https://registry.npmjs.org/grunt-contrib-jshint
305 verbose request uri https://registry.npmjs.org/grunt
306 verbose request no auth needed
307 info attempt registry request try #1 at 8:14:46 PM
308 verbose request using bearer token for auth
309 verbose etag "1D1PUYUTUJNAYR49KU4G9JQRB"
310 http request GET https://registry.npmjs.org/grunt
311 verbose request uri https://registry.npmjs.org/grunt-contrib-watch
312 verbose request no auth needed
313 info attempt registry request try #1 at 8:14:46 PM
314 verbose request using bearer token for auth
315 verbose etag "9P8RFS28BCEXKPJ4RZNXRHGH9"
316 http request GET https://registry.npmjs.org/grunt-contrib-watch
317 info retry will retry, error on last attempt: Error: getaddrinfo ENOTFOUND registry.npmjs.org registry.npmjs.org:443
318 info retry will retry, error on last attempt: Error: getaddrinfo ENOTFOUND registry.npmjs.org registry.npmjs.org:443
319 info retry will retry, error on last attempt: Error: getaddrinfo ENOTFOUND registry.npmjs.org registry.npmjs.org:443
320 info attempt registry request try #2 at 8:14:56 PM
321 verbose request using bearer token for auth
322 http request GET https://registry.npmjs.org/grunt-angular-templates
323 info attempt registry request try #2 at 8:14:56 PM
324 verbose request using bearer token for auth
325 http request GET https://registry.npmjs.org/grunt-autoprefixer
326 info attempt registry request try #2 at 8:14:56 PM
327 verbose request using bearer token for auth
328 http request GET https://registry.npmjs.org/grunt-concurrent
329 info attempt registry request try #2 at 8:14:56 PM
330 verbose request using bearer token for auth
331 http request GET https://registry.npmjs.org/grunt-contrib-clean
332 info attempt registry request try #2 at 8:14:56 PM
333 verbose request using bearer token for auth
334 http request GET https://registry.npmjs.org/grunt-contrib-concat
335 info attempt registry request try #2 at 8:14:56 PM
336 verbose request using bearer token for auth
337 http request GET https://registry.npmjs.org/grunt-contrib-connect
338 info attempt registry request try #2 at 8:14:56 PM
339 verbose request using bearer token for auth
340 http request GET https://registry.npmjs.org/grunt-contrib-copy
341 info attempt registry request try #2 at 8:14:56 PM
342 verbose request using bearer token for auth
343 http request GET https://registry.npmjs.org/grunt-contrib-cssmin
344 info attempt registry request try #2 at 8:14:56 PM
345 verbose request using bearer token for auth
346 http request GET https://registry.npmjs.org/grunt-contrib-htmlmin
347 info attempt registry request try #2 at 8:14:56 PM
348 verbose request using bearer token for auth
349 http request GET https://registry.npmjs.org/grunt-contrib-imagemin
350 info attempt registry request try #2 at 8:14:56 PM
351 verbose request using bearer token for auth
352 http request GET https://registry.npmjs.org/grunt-contrib-uglify
353 info attempt registry request try #2 at 8:14:56 PM
354 verbose request using bearer token for auth
355 http request GET https://registry.npmjs.org/grunt-filerev
356 info attempt registry request try #2 at 8:14:56 PM
357 verbose request using bearer token for auth
358 http request GET https://registry.npmjs.org/grunt-google-cdn
359 info retry will retry, error on last attempt: Error: getaddrinfo ENOTFOUND registry.npmjs.org registry.npmjs.org:443
360 info attempt registry request try #2 at 8:14:56 PM
361 verbose request using bearer token for auth
362 http request GET https://registry.npmjs.org/grunt-karma
363 info attempt registry request try #2 at 8:14:56 PM
364 verbose request using bearer token for auth
365 http request GET https://registry.npmjs.org/grunt-newer
366 info attempt registry request try #2 at 8:14:56 PM
367 verbose request using bearer token for auth
368 http request GET https://registry.npmjs.org/grunt-ng-annotate
369 info attempt registry request try #2 at 8:14:56 PM
370 verbose request using bearer token for auth
371 http request GET https://registry.npmjs.org/grunt-svgmin
372 info attempt registry request try #2 at 8:14:56 PM
373 verbose request using bearer token for auth
374 http request GET https://registry.npmjs.org/grunt-usemin
375 info attempt registry request try #2 at 8:14:56 PM
376 verbose request using bearer token for auth
377 http request GET https://registry.npmjs.org/grunt-wiredep
378 info attempt registry request try #2 at 8:14:56 PM
379 verbose request using bearer token for auth
380 http request GET https://registry.npmjs.org/jit-grunt
381 info attempt registry request try #2 at 8:14:56 PM
382 verbose request using bearer token for auth
383 http request GET https://registry.npmjs.org/jshint-stylish
384 info attempt registry request try #2 at 8:14:56 PM
385 verbose request using bearer token for auth
386 http request GET https://registry.npmjs.org/karma-jasmine
387 info attempt registry request try #2 at 8:14:56 PM
388 verbose request using bearer token for auth
389 http request GET https://registry.npmjs.org/karma-phantomjs-launcher
390 info attempt registry request try #2 at 8:14:56 PM
391 verbose request using bearer token for auth
392 http request GET https://registry.npmjs.org/time-grunt
393 info attempt registry request try #2 at 8:14:56 PM
394 verbose request using bearer token for auth
395 verbose etag "D9EB0ZXLH8LZ3WWAY7DK1KJAX"
396 http request GET https://registry.npmjs.org/grunt-contrib-jshint
397 info attempt registry request try #2 at 8:14:56 PM
398 verbose request using bearer token for auth
399 verbose etag "1D1PUYUTUJNAYR49KU4G9JQRB"
400 http request GET https://registry.npmjs.org/grunt
401 info attempt registry request try #2 at 8:14:56 PM
402 verbose request using bearer token for auth
403 verbose etag "9P8RFS28BCEXKPJ4RZNXRHGH9"
404 http request GET https://registry.npmjs.org/grunt-contrib-watch
405 info retry will retry, error on last attempt: Error: getaddrinfo ENOTFOUND registry.npmjs.org registry.npmjs.org:443
406 info retry will retry, error on last attempt: Error: getaddrinfo ENOTFOUND registry.npmjs.org registry.npmjs.org:443
407 info retry will retry, error on last attempt: Error: getaddrinfo ENOTFOUND registry.npmjs.org registry.npmjs.org:443
408 info retry will retry, error on last attempt: Error: getaddrinfo ENOTFOUND registry.npmjs.org registry.npmjs.org:443
409 info retry will retry, error on last attempt: Error: getaddrinfo ENOTFOUND registry.npmjs.org registry.npmjs.org:443
410 info retry will retry, error on last attempt: Error: getaddrinfo ENOTFOUND registry.npmjs.org registry.npmjs.org:443
411 info retry will retry, error on last attempt: Error: getaddrinfo ENOTFOUND registry.npmjs.org registry.npmjs.org:443
412 info retry will retry, error on last attempt: Error: getaddrinfo ENOTFOUND registry.npmjs.org registry.npmjs.org:443
413 info retry will retry, error on last attempt: Error: getaddrinfo ENOTFOUND registry.npmjs.org registry.npmjs.org:443
414 info retry will retry, error on last attempt: Error: getaddrinfo ENOTFOUND registry.npmjs.org registry.npmjs.org:443
415 info retry will retry, error on last attempt: Error: getaddrinfo ENOTFOUND registry.npmjs.org registry.npmjs.org:443
416 info retry will retry, error on last attempt: Error: getaddrinfo ENOTFOUND registry.npmjs.org registry.npmjs.org:443
417 info retry will retry, error on last attempt: Error: getaddrinfo ENOTFOUND registry.npmjs.org registry.npmjs.org:443
418 info retry will retry, error on last attempt: Error: getaddrinfo ENOTFOUND registry.npmjs.org registry.npmjs.org:443
419 info retry will retry, error on last attempt: Error: getaddrinfo ENOTFOUND registry.npmjs.org registry.npmjs.org:443
420 info retry will retry, error on last attempt: Error: getaddrinfo ENOTFOUND registry.npmjs.org registry.npmjs.org:443
421 info retry will retry, error on last attempt: Error: getaddrinfo ENOTFOUND registry.npmjs.org registry.npmjs.org:443
422 info retry will retry, error on last attempt: Error: getaddrinfo ENOTFOUND registry.npmjs.org registry.npmjs.org:443
423 info retry will retry, error on last attempt: Error: getaddrinfo ENOTFOUND registry.npmjs.org registry.npmjs.org:443
424 info retry will retry, error on last attempt: Error: getaddrinfo ENOTFOUND registry.npmjs.org registry.npmjs.org:443
425 info retry will retry, error on last attempt: Error: getaddrinfo ENOTFOUND registry.npmjs.org registry.npmjs.org:443
426 info retry will retry, error on last attempt: Error: getaddrinfo ENOTFOUND registry.npmjs.org registry.npmjs.org:443
427 info retry will retry, error on last attempt: Error: getaddrinfo ENOTFOUND registry.npmjs.org registry.npmjs.org:443
428 info retry will retry, error on last attempt: Error: getaddrinfo ENOTFOUND registry.npmjs.org registry.npmjs.org:443
429 info retry will retry, error on last attempt: Error: getaddrinfo ENOTFOUND registry.npmjs.org registry.npmjs.org:443
430 info retry will retry, error on last attempt: Error: getaddrinfo ENOTFOUND registry.npmjs.org registry.npmjs.org:443
431 info attempt registry request try #3 at 8:15:56 PM
432 verbose request using bearer token for auth
433 http request GET https://registry.npmjs.org/grunt-angular-templates
434 silly fetchPackageMetaData Error: getaddrinfo ENOTFOUND registry.npmjs.org registry.npmjs.org:443
434 silly fetchPackageMetaData     at errnoException (dns.js:26:10)
434 silly fetchPackageMetaData     at GetAddrInfoReqWrap.onlookup [as oncomplete] (dns.js:77:26)
434 silly fetchPackageMetaData  error for grunt-angular-templates@^0.5.7 { [Error: getaddrinfo ENOTFOUND registry.npmjs.org registry.npmjs.org:443]
434 silly fetchPackageMetaData   code: 'ENOTFOUND',
434 silly fetchPackageMetaData   errno: 'ENOTFOUND',
434 silly fetchPackageMetaData   syscall: 'getaddrinfo',
434 silly fetchPackageMetaData   hostname: 'registry.npmjs.org',
434 silly fetchPackageMetaData   host: 'registry.npmjs.org',
434 silly fetchPackageMetaData   port: 443 }
435 info attempt registry request try #3 at 8:15:56 PM
436 verbose request using bearer token for auth
437 http request GET https://registry.npmjs.org/grunt-autoprefixer
438 info attempt registry request try #3 at 8:15:56 PM
439 verbose request using bearer token for auth
440 http request GET https://registry.npmjs.org/grunt-concurrent
441 info attempt registry request try #3 at 8:15:56 PM
442 verbose request using bearer token for auth
443 http request GET https://registry.npmjs.org/grunt-contrib-clean
444 info attempt registry request try #3 at 8:15:56 PM
445 verbose request using bearer token for auth
446 http request GET https://registry.npmjs.org/grunt-contrib-concat
447 info attempt registry request try #3 at 8:15:56 PM
448 verbose request using bearer token for auth
449 http request GET https://registry.npmjs.org/grunt-contrib-connect
450 info attempt registry request try #3 at 8:15:56 PM
451 verbose request using bearer token for auth
452 http request GET https://registry.npmjs.org/grunt-contrib-copy
453 info attempt registry request try #3 at 8:15:56 PM
454 verbose request using bearer token for auth
455 http request GET https://registry.npmjs.org/grunt-contrib-cssmin
456 info attempt registry request try #3 at 8:15:56 PM
457 verbose request using bearer token for auth
458 http request GET https://registry.npmjs.org/grunt-contrib-htmlmin
459 info attempt registry request try #3 at 8:15:56 PM
460 verbose request using bearer token for auth
461 http request GET https://registry.npmjs.org/grunt-contrib-imagemin
462 info attempt registry request try #3 at 8:15:56 PM
463 verbose request using bearer token for auth
464 http request GET https://registry.npmjs.org/grunt-contrib-uglify
465 info attempt registry request try #3 at 8:15:56 PM
466 verbose request using bearer token for auth
467 http request GET https://registry.npmjs.org/grunt-filerev
468 info attempt registry request try #3 at 8:15:56 PM
469 verbose request using bearer token for auth
470 http request GET https://registry.npmjs.org/grunt-google-cdn
471 silly fetchPackageMetaData Error: getaddrinfo ENOTFOUND registry.npmjs.org registry.npmjs.org:443
471 silly fetchPackageMetaData     at errnoException (dns.js:26:10)
471 silly fetchPackageMetaData     at GetAddrInfoReqWrap.onlookup [as oncomplete] (dns.js:77:26)
471 silly fetchPackageMetaData  error for grunt-autoprefixer@^2.0.0 { [Error: getaddrinfo ENOTFOUND registry.npmjs.org registry.npmjs.org:443]
471 silly fetchPackageMetaData   code: 'ENOTFOUND',
471 silly fetchPackageMetaData   errno: 'ENOTFOUND',
471 silly fetchPackageMetaData   syscall: 'getaddrinfo',
471 silly fetchPackageMetaData   hostname: 'registry.npmjs.org',
471 silly fetchPackageMetaData   host: 'registry.npmjs.org',
471 silly fetchPackageMetaData   port: 443 }
472 silly fetchPackageMetaData Error: getaddrinfo ENOTFOUND registry.npmjs.org registry.npmjs.org:443
472 silly fetchPackageMetaData     at errnoException (dns.js:26:10)
472 silly fetchPackageMetaData     at GetAddrInfoReqWrap.onlookup [as oncomplete] (dns.js:77:26)
472 silly fetchPackageMetaData  error for grunt-concurrent@^1.0.0 { [Error: getaddrinfo ENOTFOUND registry.npmjs.org registry.npmjs.org:443]
472 silly fetchPackageMetaData   code: 'ENOTFOUND',
472 silly fetchPackageMetaData   errno: 'ENOTFOUND',
472 silly fetchPackageMetaData   syscall: 'getaddrinfo',
472 silly fetchPackageMetaData   hostname: 'registry.npmjs.org',
472 silly fetchPackageMetaData   host: 'registry.npmjs.org',
472 silly fetchPackageMetaData   port: 443 }
473 silly fetchPackageMetaData Error: getaddrinfo ENOTFOUND registry.npmjs.org registry.npmjs.org:443
473 silly fetchPackageMetaData     at errnoException (dns.js:26:10)
473 silly fetchPackageMetaData     at GetAddrInfoReqWrap.onlookup [as oncomplete] (dns.js:77:26)
473 silly fetchPackageMetaData  error for grunt-contrib-clean@^0.6.0 { [Error: getaddrinfo ENOTFOUND registry.npmjs.org registry.npmjs.org:443]
473 silly fetchPackageMetaData   code: 'ENOTFOUND',
473 silly fetchPackageMetaData   errno: 'ENOTFOUND',
473 silly fetchPackageMetaData   syscall: 'getaddrinfo',
473 silly fetchPackageMetaData   hostname: 'registry.npmjs.org',
473 silly fetchPackageMetaData   host: 'registry.npmjs.org',
473 silly fetchPackageMetaData   port: 443 }
474 silly fetchPackageMetaData Error: getaddrinfo ENOTFOUND registry.npmjs.org registry.npmjs.org:443
474 silly fetchPackageMetaData     at errnoException (dns.js:26:10)
474 silly fetchPackageMetaData     at GetAddrInfoReqWrap.onlookup [as oncomplete] (dns.js:77:26)
474 silly fetchPackageMetaData  error for grunt-contrib-concat@^0.5.0 { [Error: getaddrinfo ENOTFOUND registry.npmjs.org registry.npmjs.org:443]
474 silly fetchPackageMetaData   code: 'ENOTFOUND',
474 silly fetchPackageMetaData   errno: 'ENOTFOUND',
474 silly fetchPackageMetaData   syscall: 'getaddrinfo',
474 silly fetchPackageMetaData   hostname: 'registry.npmjs.org',
474 silly fetchPackageMetaData   host: 'registry.npmjs.org',
474 silly fetchPackageMetaData   port: 443 }
475 silly fetchPackageMetaData Error: getaddrinfo ENOTFOUND registry.npmjs.org registry.npmjs.org:443
475 silly fetchPackageMetaData     at errnoException (dns.js:26:10)
475 silly fetchPackageMetaData     at GetAddrInfoReqWrap.onlookup [as oncomplete] (dns.js:77:26)
475 silly fetchPackageMetaData  error for grunt-contrib-connect@^0.9.0 { [Error: getaddrinfo ENOTFOUND registry.npmjs.org registry.npmjs.org:443]
475 silly fetchPackageMetaData   code: 'ENOTFOUND',
475 silly fetchPackageMetaData   errno: 'ENOTFOUND',
475 silly fetchPackageMetaData   syscall: 'getaddrinfo',
475 silly fetchPackageMetaData   hostname: 'registry.npmjs.org',
475 silly fetchPackageMetaData   host: 'registry.npmjs.org',
475 silly fetchPackageMetaData   port: 443 }
476 silly fetchPackageMetaData Error: getaddrinfo ENOTFOUND registry.npmjs.org registry.npmjs.org:443
476 silly fetchPackageMetaData     at errnoException (dns.js:26:10)
476 silly fetchPackageMetaData     at GetAddrInfoReqWrap.onlookup [as oncomplete] (dns.js:77:26)
476 silly fetchPackageMetaData  error for grunt-contrib-copy@^0.7.0 { [Error: getaddrinfo ENOTFOUND registry.npmjs.org registry.npmjs.org:443]
476 silly fetchPackageMetaData   code: 'ENOTFOUND',
476 silly fetchPackageMetaData   errno: 'ENOTFOUND',
476 silly fetchPackageMetaData   syscall: 'getaddrinfo',
476 silly fetchPackageMetaData   hostname: 'registry.npmjs.org',
476 silly fetchPackageMetaData   host: 'registry.npmjs.org',
476 silly fetchPackageMetaData   port: 443 }
477 silly fetchPackageMetaData Error: getaddrinfo ENOTFOUND registry.npmjs.org registry.npmjs.org:443
477 silly fetchPackageMetaData     at errnoException (dns.js:26:10)
477 silly fetchPackageMetaData     at GetAddrInfoReqWrap.onlookup [as oncomplete] (dns.js:77:26)
477 silly fetchPackageMetaData  error for grunt-contrib-cssmin@^0.12.0 { [Error: getaddrinfo ENOTFOUND registry.npmjs.org registry.npmjs.org:443]
477 silly fetchPackageMetaData   code: 'ENOTFOUND',
477 silly fetchPackageMetaData   errno: 'ENOTFOUND',
477 silly fetchPackageMetaData   syscall: 'getaddrinfo',
477 silly fetchPackageMetaData   hostname: 'registry.npmjs.org',
477 silly fetchPackageMetaData   host: 'registry.npmjs.org',
477 silly fetchPackageMetaData   port: 443 }
478 silly fetchPackageMetaData Error: getaddrinfo ENOTFOUND registry.npmjs.org registry.npmjs.org:443
478 silly fetchPackageMetaData     at errnoException (dns.js:26:10)
478 silly fetchPackageMetaData     at GetAddrInfoReqWrap.onlookup [as oncomplete] (dns.js:77:26)
478 silly fetchPackageMetaData  error for grunt-contrib-htmlmin@^0.4.0 { [Error: getaddrinfo ENOTFOUND registry.npmjs.org registry.npmjs.org:443]
478 silly fetchPackageMetaData   code: 'ENOTFOUND',
478 silly fetchPackageMetaData   errno: 'ENOTFOUND',
478 silly fetchPackageMetaData   syscall: 'getaddrinfo',
478 silly fetchPackageMetaData   hostname: 'registry.npmjs.org',
478 silly fetchPackageMetaData   host: 'registry.npmjs.org',
478 silly fetchPackageMetaData   port: 443 }
479 silly fetchPackageMetaData Error: getaddrinfo ENOTFOUND registry.npmjs.org registry.npmjs.org:443
479 silly fetchPackageMetaData     at errnoException (dns.js:26:10)
479 silly fetchPackageMetaData     at GetAddrInfoReqWrap.onlookup [as oncomplete] (dns.js:77:26)
479 silly fetchPackageMetaData  error for grunt-contrib-imagemin@^0.9.2 { [Error: getaddrinfo ENOTFOUND registry.npmjs.org registry.npmjs.org:443]
479 silly fetchPackageMetaData   code: 'ENOTFOUND',
479 silly fetchPackageMetaData   errno: 'ENOTFOUND',
479 silly fetchPackageMetaData   syscall: 'getaddrinfo',
479 silly fetchPackageMetaData   hostname: 'registry.npmjs.org',
479 silly fetchPackageMetaData   host: 'registry.npmjs.org',
479 silly fetchPackageMetaData   port: 443 }
480 silly fetchPackageMetaData Error: getaddrinfo ENOTFOUND registry.npmjs.org registry.npmjs.org:443
480 silly fetchPackageMetaData     at errnoException (dns.js:26:10)
480 silly fetchPackageMetaData     at GetAddrInfoReqWrap.onlookup [as oncomplete] (dns.js:77:26)
480 silly fetchPackageMetaData  error for grunt-contrib-uglify@^0.7.0 { [Error: getaddrinfo ENOTFOUND registry.npmjs.org registry.npmjs.org:443]
480 silly fetchPackageMetaData   code: 'ENOTFOUND',
480 silly fetchPackageMetaData   errno: 'ENOTFOUND',
480 silly fetchPackageMetaData   syscall: 'getaddrinfo',
480 silly fetchPackageMetaData   hostname: 'registry.npmjs.org',
480 silly fetchPackageMetaData   host: 'registry.npmjs.org',
480 silly fetchPackageMetaData   port: 443 }
481 silly fetchPackageMetaData Error: getaddrinfo ENOTFOUND registry.npmjs.org registry.npmjs.org:443
481 silly fetchPackageMetaData     at errnoException (dns.js:26:10)
481 silly fetchPackageMetaData     at GetAddrInfoReqWrap.onlookup [as oncomplete] (dns.js:77:26)
481 silly fetchPackageMetaData  error for grunt-filerev@^2.1.2 { [Error: getaddrinfo ENOTFOUND registry.npmjs.org registry.npmjs.org:443]
481 silly fetchPackageMetaData   code: 'ENOTFOUND',
481 silly fetchPackageMetaData   errno: 'ENOTFOUND',
481 silly fetchPackageMetaData   syscall: 'getaddrinfo',
481 silly fetchPackageMetaData   hostname: 'registry.npmjs.org',
481 silly fetchPackageMetaData   host: 'registry.npmjs.org',
481 silly fetchPackageMetaData   port: 443 }
482 silly fetchPackageMetaData Error: getaddrinfo ENOTFOUND registry.npmjs.org registry.npmjs.org:443
482 silly fetchPackageMetaData     at errnoException (dns.js:26:10)
482 silly fetchPackageMetaData     at GetAddrInfoReqWrap.onlookup [as oncomplete] (dns.js:77:26)
482 silly fetchPackageMetaData  error for grunt-google-cdn@^0.4.3 { [Error: getaddrinfo ENOTFOUND registry.npmjs.org registry.npmjs.org:443]
482 silly fetchPackageMetaData   code: 'ENOTFOUND',
482 silly fetchPackageMetaData   errno: 'ENOTFOUND',
482 silly fetchPackageMetaData   syscall: 'getaddrinfo',
482 silly fetchPackageMetaData   hostname: 'registry.npmjs.org',
482 silly fetchPackageMetaData   host: 'registry.npmjs.org',
482 silly fetchPackageMetaData   port: 443 }
483 info attempt registry request try #3 at 8:15:56 PM
484 verbose request using bearer token for auth
485 http request GET https://registry.npmjs.org/grunt-newer
486 info attempt registry request try #3 at 8:15:56 PM
487 verbose request using bearer token for auth
488 http request GET https://registry.npmjs.org/grunt-karma
489 info attempt registry request try #3 at 8:15:56 PM
490 verbose request using bearer token for auth
491 http request GET https://registry.npmjs.org/grunt-ng-annotate
492 info attempt registry request try #3 at 8:15:56 PM
493 verbose request using bearer token for auth
494 http request GET https://registry.npmjs.org/grunt-svgmin
495 info attempt registry request try #3 at 8:15:56 PM
496 verbose request using bearer token for auth
497 http request GET https://registry.npmjs.org/grunt-usemin
498 info attempt registry request try #3 at 8:15:56 PM
499 verbose request using bearer token for auth
500 http request GET https://registry.npmjs.org/grunt-wiredep
501 info attempt registry request try #3 at 8:15:56 PM
502 verbose request using bearer token for auth
503 http request GET https://registry.npmjs.org/jit-grunt
504 info attempt registry request try #3 at 8:15:56 PM
505 verbose request using bearer token for auth
506 http request GET https://registry.npmjs.org/jshint-stylish
507 info attempt registry request try #3 at 8:15:56 PM
508 verbose request using bearer token for auth
509 http request GET https://registry.npmjs.org/karma-jasmine
510 info attempt registry request try #3 at 8:15:56 PM
511 verbose request using bearer token for auth
512 http request GET https://registry.npmjs.org/karma-phantomjs-launcher
513 info attempt registry request try #3 at 8:15:56 PM
514 verbose request using bearer token for auth
515 http request GET https://registry.npmjs.org/time-grunt
516 info attempt registry request try #3 at 8:15:56 PM
517 verbose request using bearer token for auth
518 verbose etag "D9EB0ZXLH8LZ3WWAY7DK1KJAX"
519 http request GET https://registry.npmjs.org/grunt-contrib-jshint
520 info attempt registry request try #3 at 8:15:56 PM
521 verbose request using bearer token for auth
522 verbose etag "1D1PUYUTUJNAYR49KU4G9JQRB"
523 http request GET https://registry.npmjs.org/grunt
524 info attempt registry request try #3 at 8:15:56 PM
525 verbose request using bearer token for auth
526 verbose etag "9P8RFS28BCEXKPJ4RZNXRHGH9"
527 http request GET https://registry.npmjs.org/grunt-contrib-watch
528 silly fetchPackageMetaData Error: getaddrinfo ENOTFOUND registry.npmjs.org registry.npmjs.org:443
528 silly fetchPackageMetaData     at errnoException (dns.js:26:10)
528 silly fetchPackageMetaData     at GetAddrInfoReqWrap.onlookup [as oncomplete] (dns.js:77:26)
528 silly fetchPackageMetaData  error for grunt-newer@^1.1.0 { [Error: getaddrinfo ENOTFOUND registry.npmjs.org registry.npmjs.org:443]
528 silly fetchPackageMetaData   code: 'ENOTFOUND',
528 silly fetchPackageMetaData   errno: 'ENOTFOUND',
528 silly fetchPackageMetaData   syscall: 'getaddrinfo',
528 silly fetchPackageMetaData   hostname: 'registry.npmjs.org',
528 silly fetchPackageMetaData   host: 'registry.npmjs.org',
528 silly fetchPackageMetaData   port: 443 }
529 silly fetchPackageMetaData Error: getaddrinfo ENOTFOUND registry.npmjs.org registry.npmjs.org:443
529 silly fetchPackageMetaData     at errnoException (dns.js:26:10)
529 silly fetchPackageMetaData     at GetAddrInfoReqWrap.onlookup [as oncomplete] (dns.js:77:26)
529 silly fetchPackageMetaData  error for grunt-karma@* { [Error: getaddrinfo ENOTFOUND registry.npmjs.org registry.npmjs.org:443]
529 silly fetchPackageMetaData   code: 'ENOTFOUND',
529 silly fetchPackageMetaData   errno: 'ENOTFOUND',
529 silly fetchPackageMetaData   syscall: 'getaddrinfo',
529 silly fetchPackageMetaData   hostname: 'registry.npmjs.org',
529 silly fetchPackageMetaData   host: 'registry.npmjs.org',
529 silly fetchPackageMetaData   port: 443 }
530 silly fetchPackageMetaData Error: getaddrinfo ENOTFOUND registry.npmjs.org registry.npmjs.org:443
530 silly fetchPackageMetaData     at errnoException (dns.js:26:10)
530 silly fetchPackageMetaData     at GetAddrInfoReqWrap.onlookup [as oncomplete] (dns.js:77:26)
530 silly fetchPackageMetaData  error for grunt-ng-annotate@^0.9.2 { [Error: getaddrinfo ENOTFOUND registry.npmjs.org registry.npmjs.org:443]
530 silly fetchPackageMetaData   code: 'ENOTFOUND',
530 silly fetchPackageMetaData   errno: 'ENOTFOUND',
530 silly fetchPackageMetaData   syscall: 'getaddrinfo',
530 silly fetchPackageMetaData   hostname: 'registry.npmjs.org',
530 silly fetchPackageMetaData   host: 'registry.npmjs.org',
530 silly fetchPackageMetaData   port: 443 }
531 silly fetchPackageMetaData Error: getaddrinfo ENOTFOUND registry.npmjs.org registry.npmjs.org:443
531 silly fetchPackageMetaData     at errnoException (dns.js:26:10)
531 silly fetchPackageMetaData     at GetAddrInfoReqWrap.onlookup [as oncomplete] (dns.js:77:26)
531 silly fetchPackageMetaData  error for grunt-svgmin@^2.0.0 { [Error: getaddrinfo ENOTFOUND registry.npmjs.org registry.npmjs.org:443]
531 silly fetchPackageMetaData   code: 'ENOTFOUND',
531 silly fetchPackageMetaData   errno: 'ENOTFOUND',
531 silly fetchPackageMetaData   syscall: 'getaddrinfo',
531 silly fetchPackageMetaData   hostname: 'registry.npmjs.org',
531 silly fetchPackageMetaData   host: 'registry.npmjs.org',
531 silly fetchPackageMetaData   port: 443 }
532 silly fetchPackageMetaData Error: getaddrinfo ENOTFOUND registry.npmjs.org registry.npmjs.org:443
532 silly fetchPackageMetaData     at errnoException (dns.js:26:10)
532 silly fetchPackageMetaData     at GetAddrInfoReqWrap.onlookup [as oncomplete] (dns.js:77:26)
532 silly fetchPackageMetaData  error for grunt-usemin@^3.0.0 { [Error: getaddrinfo ENOTFOUND registry.npmjs.org registry.npmjs.org:443]
532 silly fetchPackageMetaData   code: 'ENOTFOUND',
532 silly fetchPackageMetaData   errno: 'ENOTFOUND',
532 silly fetchPackageMetaData   syscall: 'getaddrinfo',
532 silly fetchPackageMetaData   hostname: 'registry.npmjs.org',
532 silly fetchPackageMetaData   host: 'registry.npmjs.org',
532 silly fetchPackageMetaData   port: 443 }
533 silly fetchPackageMetaData Error: getaddrinfo ENOTFOUND registry.npmjs.org registry.npmjs.org:443
533 silly fetchPackageMetaData     at errnoException (dns.js:26:10)
533 silly fetchPackageMetaData     at GetAddrInfoReqWrap.onlookup [as oncomplete] (dns.js:77:26)
533 silly fetchPackageMetaData  error for grunt-wiredep@^2.0.0 { [Error: getaddrinfo ENOTFOUND registry.npmjs.org registry.npmjs.org:443]
533 silly fetchPackageMetaData   code: 'ENOTFOUND',
533 silly fetchPackageMetaData   errno: 'ENOTFOUND',
533 silly fetchPackageMetaData   syscall: 'getaddrinfo',
533 silly fetchPackageMetaData   hostname: 'registry.npmjs.org',
533 silly fetchPackageMetaData   host: 'registry.npmjs.org',
533 silly fetchPackageMetaData   port: 443 }
534 silly fetchPackageMetaData Error: getaddrinfo ENOTFOUND registry.npmjs.org registry.npmjs.org:443
534 silly fetchPackageMetaData     at errnoException (dns.js:26:10)
534 silly fetchPackageMetaData     at GetAddrInfoReqWrap.onlookup [as oncomplete] (dns.js:77:26)
534 silly fetchPackageMetaData  error for jit-grunt@^0.9.1 { [Error: getaddrinfo ENOTFOUND registry.npmjs.org registry.npmjs.org:443]
534 silly fetchPackageMetaData   code: 'ENOTFOUND',
534 silly fetchPackageMetaData   errno: 'ENOTFOUND',
534 silly fetchPackageMetaData   syscall: 'getaddrinfo',
534 silly fetchPackageMetaData   hostname: 'registry.npmjs.org',
534 silly fetchPackageMetaData   host: 'registry.npmjs.org',
534 silly fetchPackageMetaData   port: 443 }
535 silly fetchPackageMetaData Error: getaddrinfo ENOTFOUND registry.npmjs.org registry.npmjs.org:443
535 silly fetchPackageMetaData     at errnoException (dns.js:26:10)
535 silly fetchPackageMetaData     at GetAddrInfoReqWrap.onlookup [as oncomplete] (dns.js:77:26)
535 silly fetchPackageMetaData  error for jshint-stylish@^1.0.0 { [Error: getaddrinfo ENOTFOUND registry.npmjs.org registry.npmjs.org:443]
535 silly fetchPackageMetaData   code: 'ENOTFOUND',
535 silly fetchPackageMetaData   errno: 'ENOTFOUND',
535 silly fetchPackageMetaData   syscall: 'getaddrinfo',
535 silly fetchPackageMetaData   hostname: 'registry.npmjs.org',
535 silly fetchPackageMetaData   host: 'registry.npmjs.org',
535 silly fetchPackageMetaData   port: 443 }
536 silly fetchPackageMetaData Error: getaddrinfo ENOTFOUND registry.npmjs.org registry.npmjs.org:443
536 silly fetchPackageMetaData     at errnoException (dns.js:26:10)
536 silly fetchPackageMetaData     at GetAddrInfoReqWrap.onlookup [as oncomplete] (dns.js:77:26)
536 silly fetchPackageMetaData  error for karma-jasmine@* { [Error: getaddrinfo ENOTFOUND registry.npmjs.org registry.npmjs.org:443]
536 silly fetchPackageMetaData   code: 'ENOTFOUND',
536 silly fetchPackageMetaData   errno: 'ENOTFOUND',
536 silly fetchPackageMetaData   syscall: 'getaddrinfo',
536 silly fetchPackageMetaData   hostname: 'registry.npmjs.org',
536 silly fetchPackageMetaData   host: 'registry.npmjs.org',
536 silly fetchPackageMetaData   port: 443 }
537 silly fetchPackageMetaData Error: getaddrinfo ENOTFOUND registry.npmjs.org registry.npmjs.org:443
537 silly fetchPackageMetaData     at errnoException (dns.js:26:10)
537 silly fetchPackageMetaData     at GetAddrInfoReqWrap.onlookup [as oncomplete] (dns.js:77:26)
537 silly fetchPackageMetaData  error for karma-phantomjs-launcher@* { [Error: getaddrinfo ENOTFOUND registry.npmjs.org registry.npmjs.org:443]
537 silly fetchPackageMetaData   code: 'ENOTFOUND',
537 silly fetchPackageMetaData   errno: 'ENOTFOUND',
537 silly fetchPackageMetaData   syscall: 'getaddrinfo',
537 silly fetchPackageMetaData   hostname: 'registry.npmjs.org',
537 silly fetchPackageMetaData   host: 'registry.npmjs.org',
537 silly fetchPackageMetaData   port: 443 }
538 silly fetchPackageMetaData Error: getaddrinfo ENOTFOUND registry.npmjs.org registry.npmjs.org:443
538 silly fetchPackageMetaData     at errnoException (dns.js:26:10)
538 silly fetchPackageMetaData     at GetAddrInfoReqWrap.onlookup [as oncomplete] (dns.js:77:26)
538 silly fetchPackageMetaData  error for time-grunt@^1.0.0 { [Error: getaddrinfo ENOTFOUND registry.npmjs.org registry.npmjs.org:443]
538 silly fetchPackageMetaData   code: 'ENOTFOUND',
538 silly fetchPackageMetaData   errno: 'ENOTFOUND',
538 silly fetchPackageMetaData   syscall: 'getaddrinfo',
538 silly fetchPackageMetaData   hostname: 'registry.npmjs.org',
538 silly fetchPackageMetaData   host: 'registry.npmjs.org',
538 silly fetchPackageMetaData   port: 443 }
539 silly get cb [ 304, undefined ]
540 verbose etag https://registry.npmjs.org/grunt-contrib-jshint from cache
541 verbose get saving grunt-contrib-jshint to /Users/daniel/.npm/registry.npmjs.org/grunt-contrib-jshint/.cache.json
542 silly get cb [ 304, undefined ]
543 verbose etag https://registry.npmjs.org/grunt from cache
544 verbose get saving grunt to /Users/daniel/.npm/registry.npmjs.org/grunt/.cache.json
545 silly get cb [ 304, undefined ]
546 verbose etag https://registry.npmjs.org/grunt-contrib-watch from cache
547 verbose get saving grunt-contrib-watch to /Users/daniel/.npm/registry.npmjs.org/grunt-contrib-watch/.cache.json
548 silly resolveWithNewModule grunt-contrib-jshint@0.11.3 checking installable status
549 silly cache add args [ 'grunt-contrib-jshint@^0.11.0', null ]
550 verbose cache add spec grunt-contrib-jshint@^0.11.0
551 silly cache add parsed spec Result {
551 silly cache add   raw: 'grunt-contrib-jshint@^0.11.0',
551 silly cache add   scope: null,
551 silly cache add   name: 'grunt-contrib-jshint',
551 silly cache add   rawSpec: '^0.11.0',
551 silly cache add   spec: '>=0.11.0 <0.12.0',
551 silly cache add   type: 'range' }
552 silly addNamed grunt-contrib-jshint@>=0.11.0 <0.12.0
553 verbose addNamed ">=0.11.0 <0.12.0" is a valid semver range for grunt-contrib-jshint
554 silly addNameRange { name: 'grunt-contrib-jshint',
554 silly addNameRange   range: '>=0.11.0 <0.12.0',
554 silly addNameRange   hasData: false }
555 silly mapToRegistry name grunt-contrib-jshint
556 silly mapToRegistry using default registry
557 silly mapToRegistry registry https://registry.npmjs.org/
558 silly mapToRegistry uri https://registry.npmjs.org/grunt-contrib-jshint
559 verbose addNameRange registry:https://registry.npmjs.org/grunt-contrib-jshint not in flight; fetching
560 silly resolveWithNewModule grunt-contrib-watch@0.6.1 checking installable status
561 silly cache add args [ 'grunt-contrib-watch@^0.6.1', null ]
562 verbose cache add spec grunt-contrib-watch@^0.6.1
563 silly cache add parsed spec Result {
563 silly cache add   raw: 'grunt-contrib-watch@^0.6.1',
563 silly cache add   scope: null,
563 silly cache add   name: 'grunt-contrib-watch',
563 silly cache add   rawSpec: '^0.6.1',
563 silly cache add   spec: '>=0.6.1 <0.7.0',
563 silly cache add   type: 'range' }
564 silly addNamed grunt-contrib-watch@>=0.6.1 <0.7.0
565 verbose addNamed ">=0.6.1 <0.7.0" is a valid semver range for grunt-contrib-watch
566 silly addNameRange { name: 'grunt-contrib-watch',
566 silly addNameRange   range: '>=0.6.1 <0.7.0',
566 silly addNameRange   hasData: false }
567 silly mapToRegistry name grunt-contrib-watch
568 silly mapToRegistry using default registry
569 silly mapToRegistry registry https://registry.npmjs.org/
570 silly mapToRegistry uri https://registry.npmjs.org/grunt-contrib-watch
571 verbose addNameRange registry:https://registry.npmjs.org/grunt-contrib-watch not in flight; fetching
572 silly resolveWithNewModule grunt@0.4.5 checking installable status
573 silly cache add args [ 'grunt@^0.4.5', null ]
574 verbose cache add spec grunt@^0.4.5
575 silly cache add parsed spec Result {
575 silly cache add   raw: 'grunt@^0.4.5',
575 silly cache add   scope: null,
575 silly cache add   name: 'grunt',
575 silly cache add   rawSpec: '^0.4.5',
575 silly cache add   spec: '>=0.4.5 <0.5.0',
575 silly cache add   type: 'range' }
576 silly addNamed grunt@>=0.4.5 <0.5.0
577 verbose addNamed ">=0.4.5 <0.5.0" is a valid semver range for grunt
578 silly addNameRange { name: 'grunt', range: '>=0.4.5 <0.5.0', hasData: false }
579 silly mapToRegistry name grunt
580 silly mapToRegistry using default registry
581 silly mapToRegistry registry https://registry.npmjs.org/
582 silly mapToRegistry uri https://registry.npmjs.org/grunt
583 verbose addNameRange registry:https://registry.npmjs.org/grunt not in flight; fetching
584 verbose get https://registry.npmjs.org/grunt-contrib-jshint not expired, no request
585 silly addNameRange number 2 { name: 'grunt-contrib-jshint',
585 silly addNameRange   range: '>=0.11.0 <0.12.0',
585 silly addNameRange   hasData: true }
586 silly addNameRange versions [ 'grunt-contrib-jshint',
586 silly addNameRange   [ '0.1.0',
586 silly addNameRange     '0.1.1',
586 silly addNameRange     '0.2.0',
586 silly addNameRange     '0.3.0',
586 silly addNameRange     '0.4.0',
586 silly addNameRange     '0.4.1',
586 silly addNameRange     '0.4.2',
586 silly addNameRange     '0.4.3',
586 silly addNameRange     '0.5.0',
586 silly addNameRange     '0.5.1',
586 silly addNameRange     '0.5.2',
586 silly addNameRange     '0.5.3',
586 silly addNameRange     '0.5.4',
586 silly addNameRange     '0.6.0',
586 silly addNameRange     '0.6.1',
586 silly addNameRange     '0.6.2',
586 silly addNameRange     '0.6.3',
586 silly addNameRange     '0.6.4',
586 silly addNameRange     '0.6.5',
586 silly addNameRange     '0.7.0',
586 silly addNameRange     '0.7.1',
586 silly addNameRange     '0.7.2',
586 silly addNameRange     '0.8.0',
586 silly addNameRange     '0.9.0',
586 silly addNameRange     '0.9.1',
586 silly addNameRange     '0.9.2',
586 silly addNameRange     '0.10.0',
586 silly addNameRange     '0.11.0',
586 silly addNameRange     '0.11.1',
586 silly addNameRange     '0.11.2',
586 silly addNameRange     '0.11.3',
586 silly addNameRange     '0.1.1-rc5',
586 silly addNameRange     '0.1.1-rc6' ] ]
587 silly addNamed grunt-contrib-jshint@0.11.3
588 verbose addNamed "0.11.3" is a plain semver version for grunt-contrib-jshint
589 verbose get https://registry.npmjs.org/grunt-contrib-watch not expired, no request
590 silly addNameRange number 2 { name: 'grunt-contrib-watch',
590 silly addNameRange   range: '>=0.6.1 <0.7.0',
590 silly addNameRange   hasData: true }
591 silly addNameRange versions [ 'grunt-contrib-watch',
591 silly addNameRange   [ '0.1.0',
591 silly addNameRange     '0.1.1',
591 silly addNameRange     '0.1.2',
591 silly addNameRange     '0.1.3',
591 silly addNameRange     '0.1.4',
591 silly addNameRange     '0.2.0',
591 silly addNameRange     '0.3.0',
591 silly addNameRange     '0.3.1',
591 silly addNameRange     '0.4.0',
591 silly addNameRange     '0.4.1',
591 silly addNameRange     '0.4.2',
591 silly addNameRange     '0.4.3',
591 silly addNameRange     '0.4.4',
591 silly addNameRange     '0.5.0',
591 silly addNameRange     '0.5.1',
591 silly addNameRange     '0.5.2',
591 silly addNameRange     '0.5.3',
591 silly addNameRange     '0.6.0',
591 silly addNameRange     '0.6.1',
591 silly addNameRange     '0.2.0-a',
591 silly addNameRange     '0.2.0-rc5',
591 silly addNameRange     '0.2.0-rc7' ] ]
592 silly addNamed grunt-contrib-watch@0.6.1
593 verbose addNamed "0.6.1" is a plain semver version for grunt-contrib-watch
594 verbose get https://registry.npmjs.org/grunt not expired, no request
595 silly addNameRange number 2 { name: 'grunt', range: '>=0.4.5 <0.5.0', hasData: true }
596 silly addNameRange versions [ 'grunt',
596 silly addNameRange   [ '0.1.0',
596 silly addNameRange     '0.1.1',
596 silly addNameRange     '0.1.2',
596 silly addNameRange     '0.2.0',
596 silly addNameRange     '0.2.1',
596 silly addNameRange     '0.2.2',
596 silly addNameRange     '0.2.3',
596 silly addNameRange     '0.2.4',
596 silly addNameRange     '0.2.5',
596 silly addNameRange     '0.2.6',
596 silly addNameRange     '0.2.7',
596 silly addNameRange     '0.2.8',
596 silly addNameRange     '0.2.9',
596 silly addNameRange     '0.2.10',
596 silly addNameRange     '0.2.11',
596 silly addNameRange     '0.2.12',
596 silly addNameRange     '0.2.13',
596 silly addNameRange     '0.2.14',
596 silly addNameRange     '0.2.15',
596 silly addNameRange     '0.3.0',
596 silly addNameRange     '0.3.1',
596 silly addNameRange     '0.3.2',
596 silly addNameRange     '0.3.3',
596 silly addNameRange     '0.3.4',
596 silly addNameRange     '0.3.5',
596 silly addNameRange     '0.3.6',
596 silly addNameRange     '0.3.7',
596 silly addNameRange     '0.3.8',
596 silly addNameRange     '0.3.9',
596 silly addNameRange     '0.3.10',
596 silly addNameRange     '0.3.11',
596 silly addNameRange     '0.3.12',
596 silly addNameRange     '0.3.13',
596 silly addNameRange     '0.3.14',
596 silly addNameRange     '0.3.15',
596 silly addNameRange     '0.3.16',
596 silly addNameRange     '0.3.17',
596 silly addNameRange     '0.4.0',
596 silly addNameRange     '0.4.1',
596 silly addNameRange     '0.4.2',
596 silly addNameRange     '0.4.3',
596 silly addNameRange     '0.4.4',
596 silly addNameRange     '0.4.5',
596 silly addNameRange     '0.3.13-a',
596 silly addNameRange     '0.4.0-a',
596 silly addNameRange     '0.4.0-rc1',
596 silly addNameRange     '0.4.0-rc2',
596 silly addNameRange     '0.4.0-rc3',
596 silly addNameRange     '0.4.0-rc4',
596 silly addNameRange     '0.4.0-rc5',
596 silly addNameRange     '0.4.0-rc6',
596 silly addNameRange     '0.4.0-rc7',
596 silly addNameRange     '0.4.0-rc8' ] ]
597 silly addNamed grunt@0.4.5
598 verbose addNamed "0.4.5" is a plain semver version for grunt
599 silly cache afterAdd grunt@0.4.5
600 verbose afterAdd /Users/daniel/.npm/grunt/0.4.5/package/package.json not in flight; writing
601 silly cache afterAdd grunt-contrib-jshint@0.11.3
602 verbose afterAdd /Users/daniel/.npm/grunt-contrib-jshint/0.11.3/package/package.json not in flight; writing
603 silly cache afterAdd grunt-contrib-watch@0.6.1
604 verbose afterAdd /Users/daniel/.npm/grunt-contrib-watch/0.6.1/package/package.json not in flight; writing
605 verbose afterAdd /Users/daniel/.npm/grunt/0.4.5/package/package.json written
606 verbose afterAdd /Users/daniel/.npm/grunt-contrib-jshint/0.11.3/package/package.json written
607 verbose afterAdd /Users/daniel/.npm/grunt-contrib-watch/0.6.1/package/package.json written
608 silly rollbackFailedOptional Starting
609 silly rollbackFailedOptional Finishing
610 silly runTopLevelLifecycles Starting
611 silly runTopLevelLifecycles Finishing
612 silly install printInstalled
613 verbose stack Error: getaddrinfo ENOTFOUND registry.npmjs.org registry.npmjs.org:443
613 verbose stack     at errnoException (dns.js:26:10)
613 verbose stack     at GetAddrInfoReqWrap.onlookup [as oncomplete] (dns.js:77:26)
614 verbose cwd /Users/daniel/src/angularjs
615 error Darwin 15.0.0
616 error argv "/usr/local/bin/node" "/usr/local/bin/npm" "install"
617 error node v4.2.1
618 error npm  v3.3.9
619 error code ENOTFOUND
620 error errno ENOTFOUND
621 error syscall getaddrinfo
622 error network getaddrinfo ENOTFOUND registry.npmjs.org registry.npmjs.org:443
622 error network This is most likely not a problem with npm itself
622 error network and is related to network connectivity.
622 error network In most cases you are behind a proxy or have bad network settings.
622 error network
622 error network If you are behind a proxy, please make sure that the
622 error network 'proxy' config is set properly.  See: 'npm help config'
623 verbose exit [ 1, true ]
